epoch,loss,val_loss
0,-0.5594956107934316,-0.5022694477461335
1,-0.6055368475765321,-0.4926298243882961
2,-0.6010805151435766,-0.4927474039053558
3,-0.5920697178733483,-0.4985398166161731
4,-0.5967991153175911,-0.5010997952151119
5,-0.5926012021622488,-0.49965080730897143
6,-0.5986696889314951,-0.4912756484253962
7,-0.5947931488355,-0.49115135660745146
8,-0.5952266466617584,-0.4943645083255426
9,-0.6014708528582682,-0.482864948367714
10,-0.5940519793151205,-0.49744502404578644
11,-0.5890548885403193,-0.49977356285080876
12,-0.6015984604022647,-0.4959713576879716
13,-0.5985127889254702,-0.5056479268542833
14,-0.5847814520128369,-0.4939487475649755
15,-0.6001862953925186,-0.486928018346065
16,-0.6113785836728699,-0.5025745501419655
17,-0.5994395405187735,-0.5015336539512291
18,-0.5827124059067537,-0.4977584638093647
19,-0.5905865738855912,-0.48447617238625545
20,-0.5704849239970956,-0.49213193547456785
21,-0.5992606461048127,-0.5028992789944905
22,-0.6036749162227911,-0.493219338413468
23,-0.6014119540037733,-0.49633896171598507
24,-0.5971668096668518,-0.5022273100632474
25,-0.6083356866194038,-0.4972292184829712
26,-0.6079005241394043,-0.4972733864210602
27,-0.5853516096394418,-0.4991823470121936
28,-0.5919527963405232,-0.4978357620705339
29,-0.610771359205246,-0.5134102101612809
30,-0.5952164854779339,-0.5083681524248052
31,-0.5988547825813293,-0.5111138506939537
32,-0.6169274923506748,-0.5054799573762077
33,-0.594867675896459,-0.5045308694803625
34,-0.6196736508955335,-0.5050728836453947
35,-0.6025830938715181,-0.49744631719768495
36,-0.5868141341182862,-0.5026713701567256
37,-0.6157794224896601,-0.5040997114396633
38,-0.6073216414451599,-0.5069359782632077
39,-0.6011624056220854,-0.49403640112482516
40,-0.5992324146502268,-0.5023564651496428
41,-0.6177718549103939,-0.5035278371402195
42,-0.6101913412412008,-0.5029993025880111
43,-0.6065777346191791,-0.5017571246489546
44,-0.5947787022644094,-0.5131919419855103
45,-0.5982170554002126,-0.504471831976023
46,-0.5962224837144215,-0.5104868322386777
47,-0.593440135717392,-0.4986601059598134
48,-0.6033041001435353,-0.5055328455186427
49,-0.6298653755412006,-0.48690548113414217
50,-0.6269942705139451,-0.506354487256
51,-0.6076682213986857,-0.49828798699199706
52,-0.6044627571105957,-0.5083162732966626
53,-0.5933783379588733,-0.5034304662306506
54,-0.6138640908400218,-0.5063590012994924
55,-0.5989456040747214,-0.49023231460635824
56,-0.6069416682501989,-0.49321044589343827
57,-0.6231914246454835,-0.5021443734491678
58,-0.5922237718853716,-0.505262781802873
59,-0.5953976881504058,-0.5007699293301517
0,-0.5844165001596723,-0.509697076969577
1,-0.6149295945875509,-0.4913304510869478
2,-0.5928704977035523,-0.4855966913072686
3,-0.6052322952778308,-0.5023505158890459
4,-0.5979092662630517,-0.5116773863932244
5,-0.6022898391891198,-0.5075897417570415
6,-0.6036373441633971,-0.4994261188614637
7,-0.6154116198614046,-0.49692261711995406
8,-0.5983159762698335,-0.502530774003581
9,-0.612494526354196,-0.4819705535594682
10,-0.6069907588896408,-0.5007816418669278
11,-0.5979706772736141,-0.500295479046671
12,-0.6251489684276622,-0.5030040789983774
13,-0.591997607826666,-0.4784855102153873
14,-0.6089722297939599,-0.49139936167494697
15,-0.6057633618255714,-0.49321508855748
16,-0.6084440761688216,-0.4980061177472423
17,-0.6015607538548383,-0.4920436291766346
18,-0.6028007903656403,-0.4974041572190765
19,-0.5949339124833652,-0.5019155677996183
20,-0.601913585321505,-0.49465075314493107
21,-0.6072880857161482,-0.48743496756804616
22,-0.6015341870162798,-0.5059750980900642
23,-0.6053063313773626,-0.5015890764114552
24,-0.6125452505533711,-0.5109958935500984
25,-0.600979258032406,-0.4947770780190489
26,-0.6186360737551814,-0.5076517805709202
27,-0.6026010397480044,-0.5108870841506729
28,-0.6172523672704573,-0.4977858458694659
29,-0.6161986869847488,-0.5050302741670967
30,-0.6137852380478305,-0.4888617239500347
31,-0.5911583792079579,-0.49286881918297676
32,-0.6134836718246535,-0.4932280326248112
33,-0.6153686942617878,-0.5067220083752969
34,-0.6103886265462546,-0.4926732805438508
0,-0.10694804361376625,-0.12629272810516567
1,-0.11757905634406668,-0.13301578272868247
2,-0.12388290513139338,-0.13569764433986078
3,-0.12641516152385607,-0.14172184141012875
4,-0.12635949573916339,-0.1457633398962717
5,-0.1332986457872928,-0.14921245196439925
6,-0.14485181275380246,-0.1508120747595808
7,-0.14174404321401832,-0.1611303985118866
8,-0.15317080860379442,-0.16324195961882598
9,-0.15383854464032234,-0.16885225975165402
10,-0.1546211201697588,-0.17711102201120696
11,-0.16289997162253494,-0.18152275822893546
12,-0.17074548501752684,-0.18607187564790684
13,-0.18452323750141097,-0.1895045028985852
14,-0.17715236761046022,-0.19631051484250675
15,-0.18611313749600378,-0.1970286267490065
16,-0.2094658009516887,-0.20815117820336002
17,-0.2050593403318236,-0.21014173774823655
18,-0.21703698199528915,-0.2211095349740808
19,-0.24016852346088352,-0.2280014490667921
20,-0.2069807898589743,-0.23585889385129413
21,-0.24085956937422248,-0.2299412200703238
22,-0.22440504127625743,-0.23747086280916077
23,-0.26371615283912225,-0.2554464372840241
24,-0.24922795875523335,-0.2592634803404773
25,-0.27544139510676363,-0.2657214511920066
26,-0.27583678701231557,-0.27008263146790273
27,-0.27115420662821865,-0.2726958558289674
28,-0.2814154066466566,-0.2830089660239046
29,-0.3002372104714463,-0.28416570498995536
30,-0.30503034898651515,-0.29523635758970773
31,-0.28871019928052033,-0.29671518276207637
32,-0.31860010705617053,-0.29387766780861974
33,-0.30792695269438214,-0.3102937875872981
34,-0.33749388062801117,-0.32078132490172
35,-0.3352451641672159,-0.3190494288493247
36,-0.33792436084686184,-0.3214238059781764
37,-0.34139314427589756,-0.326461045520149
38,-0.3621564137673429,-0.32984736627035766
39,-0.368428704238707,-0.3086487363724813
40,-0.36748520943426316,-0.32573935346011695
41,-0.37127062917649106,-0.33892323337767244
42,-0.38321099961357546,-0.3406876225541108
43,-0.3848480607125693,-0.3548143262410686
44,-0.39211113454821783,-0.3488818678977716
45,-0.3905528990455486,-0.36491192300824354
46,-0.41320138410276214,-0.36443160202381386
47,-0.42614811024358196,-0.375680558872919
48,-0.4163641393567561,-0.37818006920988545
49,-0.4385192924572007,-0.36935583735904554
50,-0.4270727617980598,-0.37215563546131997
51,-0.4455805657765804,-0.3917927149220975
52,-0.4355057947910749,-0.385877368006393
53,-0.46121314802477437,-0.37967239091866206
54,-0.45675163047435957,-0.391493581724863
55,-0.45389188214754445,-0.3779692375746957
56,-0.46358836315105595,-0.3892832267893492
57,-0.46724922081519815,-0.40214254146944867
58,-0.4623498553591207,-0.41550110769967963
59,-0.4865191592904689,-0.39514998406389334
60,-0.4763069355334991,-0.40379638175894744
61,-0.4776200753808533,-0.4070352572594246
62,-0.4850786146617705,-0.4083041461714863
63,-0.5033375775916162,-0.4116079058960406
64,-0.49973683126511115,-0.4140051233507421
65,-0.4928607240799935,-0.4197427103989316
66,-0.5147317392944262,-0.41503767223253735
67,-0.49007400748811564,-0.40948865986871025
68,-0.5028577719059625,-0.41740235403506426
69,-0.5282353117707996,-0.41888538612066395
70,-0.5091910031743538,-0.4284964595397894
71,-0.5157455084785338,-0.40908334420545256
72,-0.5240448934084396,-0.4246943416821696
73,-0.5244532579899858,-0.43518051222293047
74,-0.5181687844210657,-0.41148251730160124
75,-0.5368686470606808,-0.45289767506348827
76,-0.5506556321168822,-0.43670874398990267
77,-0.5373367476157653,-0.45697754969562054
78,-0.5530113516709744,-0.4551510893515427
79,-0.5474873451272732,-0.4540400309284238
80,-0.5612944844059455,-0.43911752518076097
81,-0.5548237464340408,-0.4468192105745747
82,-0.5661613843133373,-0.4391140722445328
83,-0.5763602050844692,-0.46336236095776523
84,-0.5633174792985078,-0.4277394570573403
85,-0.5336080190301199,-0.4498714634971897
86,-0.5631805939059104,-0.4674959313260378
87,-0.5758835770541506,-0.4553133240581429
88,-0.5536277705623257,-0.4689796449494188
89,-0.559231698513031,-0.4746480877817112
90,-0.5674963724228643,-0.4690377377245548
91,-0.6031036169743845,-0.4806569011977119
92,-0.572404589136271,-0.47653478862595383
93,-0.5817991612281964,-0.44245873815821907
94,-0.5857737706553552,-0.47579351415599347
95,-0.5972782233408813,-0.47828570421594774
96,-0.6003239066559869,-0.4726099189180527
97,-0.5957445273925732,-0.4775744411197022
98,-0.5907366990015425,-0.4554028906961427
99,-0.5789587674602386,-0.4651950393279974
100,-0.5989741265516857,-0.4699786801407807
101,-0.6083442573903277,-0.4786753419541965
102,-0.5888737328590885,-0.49086039388266794
103,-0.5903004994994823,-0.4774041554353533
104,-0.5901163244865368,-0.48118575472031194
105,-0.5929555077706614,-0.48041338620394686
106,-0.602736205635009,-0.4739847385535275
107,-0.619227298595363,-0.47954284405186226
108,-0.6083908103166088,-0.4722928578836204
109,-0.6052263903668912,-0.47679810062812195
110,-0.6098194176150906,-0.46745926968372653
111,-0.6039825885913612,-0.4836119826692734
112,-0.6110317825243391,-0.48490242583908305
113,-0.5980473485743177,-0.446469269094676
114,-0.6281524796639719,-0.4657723029164502
115,-0.6277107745409012,-0.45752143598821043
116,-0.6127688991717803,-0.46501831438419594
117,-0.6239228964429991,-0.47374528341919836
118,-0.6253480901022326,-0.4740456447114039
119,-0.6170496233762839,-0.48026776792359177
120,-0.6232815913968673,-0.4884174400872558
121,-0.6324673843435283,-0.45934850640975644
122,-0.630090315880314,-0.47833161414974795
123,-0.6203361770799083,-0.47675327706511006
124,-0.6145529708388557,-0.4607826427821695
125,-0.6285143381562727,-0.48279292130992363
126,-0.617884929067102,-0.46648504351177356
127,-0.629162295018473,-0.47390803194394077
128,-0.6430732344502005,-0.47766237319820987
129,-0.6358974457042923,-0.486696270695568
130,-0.6263246161156687,-0.48129024035739204
131,-0.6182217975286967,-0.47746579446931825
132,-0.6265946782097734,-0.48905565007759705
0,-0.6144328057110965,-0.4671940522907424
1,-0.5859871221112681,-0.4658793385011436
2,-0.6016331120103003,-0.49847736628386224
3,-0.6077790836754599,-0.47856567332344335
0,-0.019323058226811036,-0.011881146740445213
1,-0.020730127826052373,-0.012253893144441315
2,-0.0215930274944624,-0.012458254397544707
3,-0.020246902205126018,-0.012790529107725298
4,-0.021238275025971233,-0.013004364275902108
5,-0.02236595614347607,-0.01289932316836171
6,-0.022158883091011276,-0.013716932688210462
7,-0.02251011390251586,-0.013458608051862669
8,-0.01997686329544807,-0.013592375643752716
9,-0.025173309319652618,-0.01373814106793017
10,-0.022360286898910998,-0.014081621391547693
11,-0.024253968976209968,-0.014042880058892676
12,-0.019822847601276315,-0.014809735524468112
13,-0.026131892975034383,-0.013504713547189493
14,-0.022552967884096522,-0.014214112284920505
15,-0.025526164192068455,-0.014480789173142734
16,-0.02838122639294765,-0.01448089478386415
17,-0.023893710832117786,-0.01489621787206144
18,-0.02537847980044332,-0.015362312856784745
19,-0.027880143587898514,-0.015551802400197531
20,-0.028883586263541004,-0.015326787591785998
21,-0.023361102254985243,-0.015398608772335825
22,-0.023643473894554096,-0.015842435629786673
23,-0.03167179364711046,-0.01576402739344819
24,-0.024649337987447607,-0.016046962625271565
25,-0.0341592398852262,-0.016218965874695394
26,-0.028629974833995903,-0.016215844130193866
27,-0.032785713361126595,-0.016596412641572782
28,-0.025992698992458766,-0.016717862237144162
29,-0.03210330410429195,-0.017098672039070596
30,-0.0328076046722909,-0.01735266383636642
31,-0.03054880359758661,-0.01744088507886674
32,-0.02923364717513323,-0.01764655958961796
33,-0.03527492568636798,-0.017862900739183295
34,-0.031040492828707307,-0.01782969554030412
35,-0.03333266077525154,-0.018154140500465054
36,-0.035174408271832734,-0.018353869148995727
37,-0.03347095051780343,-0.018803798719435126
38,-0.03440249853490575,-0.01880738015815213
39,-0.036027286787862545,-0.019321823986624746
40,-0.03729967739970822,-0.01954489649348968
41,-0.0346383255533874,-0.020238432627814513
42,-0.0385929985173248,-0.020453985692379443
43,-0.03644971762834167,-0.02077162622240517
44,-0.03407338138669729,-0.020608411519001616
45,-0.03675641924181111,-0.020981262991758617
46,-0.036532464548945424,-0.021188983439650335
47,-0.03952935700166366,-0.022069799487252493
48,-0.040160423809928555,-0.021878426353371627
49,-0.03999974630219308,-0.02184991748701479
50,-0.04494400071792755,-0.022358471179714477
51,-0.038049113042652606,-0.02257153724093695
52,-0.041862100027501584,-0.023659772768213943
0,-0.042245169337196596,-0.02317876791631853
1,-0.041473070811480287,-0.023456297336599312
2,-0.044928001038000716,-0.023885041261343536
3,-0.04587860953062773,-0.024623933072025712
4,-0.04649776264974107,-0.024697310667220706
5,-0.04831258878622153,-0.025052065633841464
6,-0.045870995867822395,-0.02518640861317918
7,-0.04426686407847179,-0.02567511676131068
8,-0.04901850805617869,-0.02593086292413441
9,-0.050478556293419144,-0.026530426700372953
10,-0.053423928405190335,-0.02656679295909566
11,-0.0468118585832417,-0.02722186333424336
12,-0.04614455035260441,-0.027452394589655905
13,-0.05571210288111395,-0.027823062734667572
14,-0.04892106244404768,-0.027932318084539574
15,-0.05138124164581399,-0.02909941851097043
16,-0.0629944222420454,-0.029720027415031516
17,-0.05164634287102173,-0.029662937026571582
18,-0.06089653082191944,-0.03009280179803436
19,-0.057142604907898055,-0.029909313832585875
20,-0.055445972188199695,-0.030323294167583052
21,-0.06317472243553972,-0.03184012696146965
22,-0.05742938601530638,-0.03134640987735946
23,-0.06099380827027148,-0.03187724464648479
24,-0.06415388413478394,-0.031946910708840634
25,-0.06325379432160028,-0.03311106753913132
26,-0.0632007287750984,-0.032975511922936795
27,-0.07039072354362436,-0.03355591623364268
28,-0.06344514018425412,-0.03472084301442059
29,-0.06994957168705311,-0.03508072939262461
30,-0.06941995737017007,-0.03462280808142512
31,-0.07086646076090433,-0.03578358898694451
32,-0.061856494285166264,-0.03663748079860533
33,-0.07114486173170324,-0.036981861484614575
34,-0.06084282434976741,-0.03668548690306174
35,-0.08051912464201451,-0.037191623368778744
36,-0.06938568376004696,-0.037518621296496
37,-0.08414628218910465,-0.03866231326970297
38,-0.06851054033000223,-0.03845712321030127
39,-0.08186380580067634,-0.039281768397100875
40,-0.07230214421086166,-0.03970536730579428
41,-0.08848353497834013,-0.04073023495085222
42,-0.08044529217455922,-0.039869930969576375
43,-0.08363362222909927,-0.04135821890589353
44,-0.09029333468298523,-0.040747517266789
45,-0.07343293741753656,-0.042891026499706345
46,-0.08954875281193113,-0.043639592423632335
47,-0.08502967173233628,-0.04402356473980723
48,-0.08242925021472393,-0.04508614799360166
49,-0.08575455445796251,-0.0456866832257121
50,-0.07828538816097198,-0.04488946331312527
51,-0.09529115542169385,-0.04671886528061854
52,-0.08546430990099907,-0.045756987321215706
53,-0.08966264786989722,-0.04763120427929066
54,-0.0903179159761278,-0.04862713231075857
55,-0.09499264808648543,-0.048725218436605225
56,-0.09253412690138657,-0.04961833765579236
57,-0.10031180906315777,-0.04967042622534004
58,-0.09632720474204788,-0.0442823145437885
59,-0.09279074050435746,-0.05160409363137709
60,-0.09529150277376175,-0.050395879391077404
61,-0.10039093512916725,-0.0520719791938727
62,-0.10534405426728545,-0.05365262958346992
63,-0.1069174512251191,-0.05409409067170934
64,-0.10756548342047906,-0.05368533891600531
65,-0.10443054097110793,-0.05422419329752793
66,-0.10059295336202699,-0.05399132862284377
67,-0.10932751355313199,-0.05710068465890111
68,-0.10310777710521057,-0.05475702438805554
69,-0.10453239001333714,-0.05522900598274695
70,-0.1246590718626976,-0.05636848408628155
71,-0.12018852575203857,-0.05511682712145754
72,-0.1097498512216683,-0.059684506441290315
73,-0.10853226258590513,-0.05850515635432424
74,-0.1193597249236683,-0.06180747933182362
75,-0.1281174041126689,-0.05693721290039417
76,-0.11934525881932206,-0.061882766114698874
77,-0.12667904009336028,-0.06197418514135722
78,-0.114108728627636,-0.06273081280552426
79,-0.11991383849546827,-0.06292634293739055
80,-0.13064217597446184,-0.06432833703788551
81,-0.11961271485891392,-0.06401190257354362
82,-0.1272564934939146,-0.06309212099861454
83,-0.1335269705442762,-0.06719165000312559
84,-0.1339530642239415,-0.06784861434150387
85,-0.14238958279728084,-0.06550671824732342
86,-0.13415477802492168,-0.0668985027966571
87,-0.14643230983247496,-0.06814204458449338
88,-0.11971129350721428,-0.06642395257949829
89,-0.1444680370639193,-0.06993683406177002
90,-0.13638475159183144,-0.0697014210997401
91,-0.14446272336203478,-0.07260896859539522
92,-0.12980487249020872,-0.07125874506813046
93,-0.157757450099269,-0.07087144084476135
94,-0.1347114641067325,-0.07348940310043257
95,-0.14997277572751044,-0.07415965861464674
96,-0.15626496315002442,-0.07466529869801693
97,-0.14044646908772873,-0.07363588347829678
98,-0.15376928221627043,-0.07549237288736008
99,-0.15614276035078642,-0.08023725207690527
100,-0.1499543577759854,-0.07755600142519216
101,-0.15861877508155287,-0.07427893381136465
102,-0.13170360817477622,-0.07808622758130769
103,-0.16775668695569038,-0.0802207989869891
104,-0.16038143685827516,-0.08194910087321831
105,-0.15409585927957542,-0.08036435888828458
106,-0.15707574516534806,-0.08171321693304423
107,-0.15510011933846016,-0.08085774660513208
108,-0.16587564894216972,-0.08289768812538473
109,-0.16636570039633158,-0.08373116718890693
110,-0.15802691697046675,-0.08201646281255258
111,-0.17111525839607186,-0.0862961228232126
112,-0.16871248124396965,-0.08358913717613078
113,-0.15951579930830975,-0.07971938160124681
114,-0.16688845798897672,-0.0822492549951012
115,-0.17789704760385527,-0.08383344355467204
116,-0.17997665517032146,-0.08765111309598118
117,-0.17882466575483214,-0.08271457008211999
118,-0.17340669300932213,-0.08748004152098351
119,-0.18513261363522648,-0.08468957929997831
120,-0.17882306184116248,-0.09313638085449064
121,-0.17210686386659227,-0.08971892745358372
122,-0.19914664775133134,-0.09114761678250255
123,-0.17230483517050743,-0.0928946087086523
124,-0.18255471544606344,-0.09354120372114955
125,-0.16400666669911187,-0.09441858872368529
126,-0.18459032257890393,-0.09572535516734403
127,-0.1788791499629214,-0.09446936772783866
128,-0.18789457127451897,-0.09731532582962835
129,-0.1929587752327023,-0.09424191965041934
130,-0.1940047088135409,-0.10138355910375312
131,-0.18905581343894037,-0.0993397038530659
132,-0.20125701248645783,-0.0978878225023682
133,-0.19242398905861255,-0.1021649942204759
134,-0.20261563044296552,-0.0983550721729124
135,-0.201587992310524,-0.1055577340460307
136,-0.1966136466936777,-0.09991637838853372
137,-0.19002802541543698,-0.10176897934965186
138,-0.22238489245408333,-0.10061267944606575
139,-0.19894784339543048,-0.10036892767016685
140,-0.20246777911575473,-0.09723424755439565
141,-0.20511203914280707,-0.09698059034563876
142,-0.20802137143399618,-0.10602549080913132
143,-0.21357826739549637,-0.10143806893295385
144,-0.19838402211666106,-0.0970153503019262
145,-0.22326300770044327,-0.11251387322271192
146,-0.2021088201093347,-0.1105065781220391
147,-0.21937727848155386,-0.10155486536992563
148,-0.21777055352926256,-0.10506653395871557
149,-0.23991564130538132,-0.10692240919510172
150,-0.2243377631342651,-0.10641664347133122
151,-0.23174569113501187,-0.11143867800350328
152,-0.20725116033006358,-0.10941162823724586
153,-0.22381594644425667,-0.11234975495451205
154,-0.23422810085267828,-0.10731523583849226
155,-0.22218346729169827,-0.10813100736688923
156,-0.22783650386415116,-0.1112615319623335
157,-0.2211930301724648,-0.11765056993258563
158,-0.21935234133829207,-0.10729350797248265
159,-0.24187012016773224,-0.11442401521914713
160,-0.23847448886657246,-0.11617066811870884
161,-0.2175832158767137,-0.11590655309122962
162,-0.23334249649962333,-0.11432994418853037
163,-0.22180495911196574,-0.1158939810167696
164,-0.23245742977065528,-0.11742504288417262
165,-0.24353509791345404,-0.12521040399332303
166,-0.22955352639498777,-0.11356221099157592
167,-0.24995393097400664,-0.11513489454581931
168,-0.2344666354510249,-0.11786962159582086
169,-0.23940902312735576,-0.10909831780638243
170,-0.24494701829449883,-0.1201452645095619
171,-0.2344800577171751,-0.11886702162219326
172,-0.24996859560141693,-0.11917386662114311
173,-0.24697449590835796,-0.11945068675118524
174,-0.24096535906499747,-0.11684508596521777
175,-0.24453793376684188,-0.1213615987751935
176,-0.2428446582531276,-0.12322202969241787
177,-0.26473684486461013,-0.11898771889910505
178,-0.27517696439817146,-0.11249974320368916
179,-0.2637452930212021,-0.12005229188631543
180,-0.2550456401419966,-0.12456284463405609
181,-0.2576793766751581,-0.1202126806216453
182,-0.261801414859706,-0.11940926912467222
183,-0.27820042809661555,-0.1290848223624552
184,-0.25253832840347945,-0.12907020949028633
185,-0.24914743021331928,-0.11821386046908997
186,-0.2504710251012364,-0.12380313067822843
187,-0.284888419508934,-0.12597275746835246
188,-0.2825024127960205,-0.12842015680429097
189,-0.2664629802107811,-0.12161241189853565
190,-0.25070582612140757,-0.12383132709844692
191,-0.27693851470947267,-0.11695803742151002
192,-0.2594555206346832,-0.11721656733268015
193,-0.26352246957165854,-0.12183318755312546
194,-0.2843881005048752,-0.1280849855896589
195,-0.282727982012593,-0.12713321584364953
196,-0.26489735349712756,-0.12896313547232263
197,-0.2822857314364282,-0.125869850042855
198,-0.2752546989917755,-0.12935974401723896
199,-0.25338139579103747,-0.13169711425497727
200,-0.273685704080426,-0.12932973214097926
201,-0.2827420046617245,-0.1345688794815057
202,-0.3136244768629203,-0.13132638061368787
203,-0.2406174824541847,-0.12932749414766156
204,-0.288857689499855,-0.1326700014037055
205,-0.2880407116703085,-0.13100208382348758
206,-0.31489805207156496,-0.14014723487520855
207,-0.28227320334007,-0.13562160112856825
208,-0.26868773251771927,-0.1321077957447316
209,-0.3244024757170837,-0.12993140961672808
210,-0.3124643703167503,-0.1320247192983621
211,-0.28359311486820915,-0.13169846774355784
212,-0.28232893864719233,-0.13329581745170258
213,-0.30570282638072965,-0.13628676456219918
214,-0.2920532843021497,-0.1352112077780672
215,-0.3032615298032761,-0.1350040745896262
216,-0.3080761783743558,-0.1348651438146024
217,-0.30876012332737446,-0.1400073357438313
218,-0.29179845800335774,-0.1336741133316143
219,-0.30919611053978835,-0.13831169097810178
220,-0.30676530039793737,-0.1440183214239172
221,-0.280263911485672,-0.14099068295311284
222,-0.30226000245303325,-0.14089874439948313
223,-0.2955623008821109,-0.14006763261056984
224,-0.30375555218899086,-0.13875820819993276
225,-0.329901644708337,-0.14877635079461174
226,-0.31823647445118103,-0.14497975441249641
227,-0.318950452917331,-0.14764717764951088
228,-0.3103911657722629,-0.1442796371348605
229,-0.3148130464553833,-0.136588356382138
230,-0.28564340180280257,-0.1407722978792048
231,-0.30962376194457486,-0.14731072654595245
232,-0.31258813553565257,-0.14457758898670608
233,-0.3327685798309287,-0.14512599320025057
234,-0.32749572784116826,-0.1455879662487958
235,-0.3463760183469669,-0.15087369779074514
236,-0.29328315062065646,-0.15467797585606113
237,-0.2939678636573305,-0.14409598120098077
238,-0.3146318242467683,-0.1486495386909794
239,-0.3231292792728969,-0.14240500894752708
240,-0.33863345502990566,-0.1419746513302262
241,-0.32801500297322567,-0.14633495561979912
242,-0.3376171471097985,-0.14860180986894145
243,-0.3150568117161055,-0.14674544345292065
244,-0.3169733961956613,-0.1518924506129445
245,-0.32751165330410004,-0.15242152221800653
246,-0.3151276808977127,-0.15964902897138852
247,-0.342975751465599,-0.16015959994213
248,-0.33344307171887366,-0.1594750713395754
249,-0.31549397110939026,-0.15531857351999026
250,-0.3230007202649603,-0.14954110839076945
251,-0.33441227316856387,-0.13563181620997353
252,-0.32916445591270105,-0.15242460490884008
253,-0.3264046675852827,-0.15367349821168022
254,-0.3373232144733955,-0.1565456722174037
255,-0.3393677289053898,-0.1506770059869096
256,-0.3219906809378643,-0.1649538854992873
257,-0.314593999969716,-0.15480244481885755
258,-0.35862977619040504,-0.1560640340117184
259,-0.3293991984937015,-0.1611235471996101
260,-0.3548902553319931,-0.16475230213758107
261,-0.3363528001308441,-0.15527696021505305
262,-0.3462773360110618,-0.14904514520469037
263,-0.3228675807650025,-0.1579631792532431
264,-0.3510694559788544,-0.15832879253335902
265,-0.31699660110191025,-0.15637968158399737
266,-0.3507516187429428,-0.15885898370195078
267,-0.3418823231239708,-0.1572803258895874
268,-0.3545613777637482,-0.15132738851212166
269,-0.32950007975906936,-0.1635141050493395
270,-0.3386276364326477,-0.16306742220311551
271,-0.33880747079849244,-0.1652082873357309
272,-0.34059119285369405,-0.15771949693963333
273,-0.34925609086983955,-0.1514922774119957
274,-0.35787234246730804,-0.15900061526209922
275,-0.3508212323091468,-0.16932802395643415
276,-0.3448844323022254,-0.1644068522218178
277,-0.3437809747457504,-0.15996624661941472
278,-0.3526202925556415,-0.16705388840302868
279,-0.3555511253661123,-0.1667791826499475
280,-0.3455310962944223,-0.16363433164519234
281,-0.3808123353792697,-0.17123599229632197
282,-0.3473823269879496,-0.16803344256068403
283,-0.3723932732671699,-0.16135211248655576
284,-0.37967115085700465,-0.17132585804009412
285,-0.3624793668182529,-0.1572341561439906
286,-0.35764682170462936,-0.15946406258326778
287,-0.36550923503678423,-0.1691012873339492
288,-0.3853543960564845,-0.15012823649354884
289,-0.34719375674038716,-0.1671570346162126
290,-0.3809946130061972,-0.16064232990548416
291,-0.32419221103191376,-0.1601096725947148
292,-0.3775390721097284,-0.15230556037528692
293,-0.34771221896697735,-0.16751075596422763
294,-0.3799858634569207,-0.15058017597609274
295,-0.35527431657217595,-0.16742853880734057
296,-0.3642598154215977,-0.15654207519381433
297,-0.3651742548555941,-0.16446692355581233
298,-0.3795170103471395,-0.16686095981984525
299,-0.36443317701687683,-0.16326614811613754
300,-0.3810666251826931,-0.1762957615522995
301,-0.37626919828612226,-0.15656293727256157
302,-0.3558053879105315,-0.1584431465071309
303,-0.36149257829744524,-0.17229764606501605
304,-0.36476813518517726,-0.1676353731670895
305,-0.3858953996284588,-0.16925495233059534
306,-0.3705122311637826,-0.1597916574494259
307,-0.346800223492936,-0.16565777361392975
308,-0.3726298978475675,-0.17289862197798653
309,-0.3895946657412673,-0.1776299984068484
310,-0.3750030094221847,-0.1632220712867943
311,-0.3658421452703147,-0.17736205780576564
312,-0.37287626157001574,-0.1656843294968476
313,-0.36166628010827917,-0.16346215406382406
314,-0.39546262074823246,-0.15407068604553067
315,-0.3717874130546647,-0.167951851277738
316,-0.3906549289308745,-0.16528752325354396
317,-0.3933916736622246,-0.17239770499636997
318,-0.37477523006805,-0.18594638706030606
319,-0.3890172028541565,-0.17489122005462673
320,-0.3734577957489719,-0.17567386578869176
321,-0.35776954285196355,-0.16558833055298877
322,-0.41188153114220866,-0.17276532182822357
323,-0.38537622258167137,-0.17292495207061007
324,-0.39130480647087096,-0.16765276483587316
325,-0.4146471230351195,-0.17495062383445534
326,-0.3528816210659775,-0.16412541229982633
327,-0.3957603841411824,-0.1766676098907467
328,-0.359974668246426,-0.16950333007686846
329,-0.4084199219942093,-0.17654085562035843
330,-0.37516283082800944,-0.16971372994216713
331,-0.38832563465955305,-0.16297185179349538
332,-0.3822411447763443,-0.16357379128552368
333,-0.383094637369623,-0.17453088832868113
334,-0.3981258656297411,-0.16362988223900665
335,-0.3957583494234405,-0.1739877196582588
336,-0.36612774733756037,-0.17935161655013626
337,-0.38401849269866944,-0.17513430865088792
338,-0.3925993353128433,-0.17420052757134308
339,-0.3760216381098773,-0.16980497901504105
340,-0.39625628232955934,-0.17279251040639104
341,-0.4077255307017146,-0.16837756859289632
342,-0.38047139942646024,-0.16587097517865274
343,-0.4052090506367805,-0.17454841858833223
344,-0.37432770101016,-0.18536800709930626
345,-0.4293224680423737,-0.17607082435829766
346,-0.4012367767947061,-0.16351794672978892
347,-0.4054911039512733,-0.1644654402861724
348,-0.440691237449646,-0.17363729831334707
0,-0.394270073460496,-0.17394257276444822
1,-0.3875776574127656,-0.1781597572403985
2,-0.384492872187691,-0.17666363555031853
3,-0.3833324308781063,-0.16400442171741175
4,-0.35897676313101357,-0.17379204405320658
5,-0.3511464837524626,-0.16831159350034353
6,-0.37225586789495807,-0.17123705229243716
7,-0.35825735505889444,-0.15806784682177208
8,-0.4196409252674683,-0.1534045052689475
9,-0.37515726054671905,-0.17765693930355278
10,-0.3799791953859538,-0.1748709003818599
11,-0.40868033819338856,-0.16701564192771912
12,-0.3780521407945832,-0.1721087546163314
13,-0.37599997793821466,-0.17480832363104679
14,-0.3994089675986249,-0.18127885128917506
15,-0.3830191149659779,-0.16886030736605864
16,-0.39679463985173596,-0.16974994379120903
17,-0.3967211838186222,-0.16812246667219322
18,-0.3969547892138906,-0.17228312548753377
19,-0.41435283835786973,-0.16167076938861125
20,-0.3857907626363966,-0.15704735710814194
21,-0.39077834734567124,-0.16779502684497904
22,-0.3771939286545141,-0.16671321593418503
23,-0.411091610789299,-0.17134629914889465
24,-0.35984971648768377,-0.17884247744683687
25,-0.3994646396325982,-0.18556468749775867
26,-0.39609019828021974,-0.16668303592784986
27,-0.4031822348342222,-0.19033566731456164
28,-0.3766649052174422,-0.18085551950517934
29,-0.3839967148868661,-0.17262860166059957
30,-0.35985504526336837,-0.17648773771282789
31,-0.39769542994706525,-0.18195699316424294
32,-0.40079654652373237,-0.1673287645838148
33,-0.364941311578681,-0.16349460050107795
34,-0.4234630727945869,-0.16017409091865695
35,-0.4113917761378818,-0.1733045863944131
36,-0.4195747827961497,-0.1680801896806303
37,-0.38865670959154763,-0.1537801473386935
38,-0.4166710403428149,-0.15642622425092348
39,-0.39440587681272754,-0.15554283035768046
40,-0.41466630692768813,-0.16869398508522962
41,-0.3881832592793385,-0.17301436131064957
42,-0.4039502341816895,-0.169271718484123
43,-0.39873813215951276,-0.17207492646333333
44,-0.42878651707919674,-0.17005082401069435
45,-0.4178642494523007,-0.17175701824394432
46,-0.4127251221172845,-0.1814206693623517
47,-0.41020498015826806,-0.1684611528306394
48,-0.378775281102761,-0.1867526874348924
49,-0.36888261333755823,-0.17063910332885948
50,-0.4026310119939887,-0.18244910038806297
51,-0.41125125222735937,-0.18705481778109773
52,-0.39537783120484915,-0.17938235935729904
53,-0.37744717222096313,-0.18521261134663144
54,-0.406411218688004,-0.17830130618971748
55,-0.42316776601707234,-0.17905056617549947
56,-0.398779315067761,-0.16860886690848378
57,-0.4034685628569644,-0.15281528959403168
